PRT1
58
117
256
4 0 29 0 (0 1024 -384 ) (0 1024 -200 ) (0 1088 -200 ) (0 1088 -384 ) 
4 0 3 0 (0 1024 -200 ) (0 1024 -384 ) (18.428587 1024 -384 ) (18.428589 1024 -200 ) 
4 0 2 0 (18.428587 1024 -384 ) (173.451462 1024 -384 ) (173.451431 1024 -200 ) (18.428589 1024 -200 ) 
4 0 1 0 (173.451462 1024 -384 ) (366.505524 1024 -384 ) (366.505554 1024 -200 ) (173.451431 1024 -200 ) 
4 1 17 0 (537.406494 718.406494 -384 ) (635.794739 635.794800 -384 ) (635.797180 635.797180 -256 ) (537.408875 718.408875 -256 ) 
4 1 2 0 (173.453125 1024 -384 ) (514.620850 737.538452 -384 ) (514.645020 737.524536 -200 ) (173.460938 1024 -200 ) 
4 2 3 0 (18.429688 1024 -384 ) (380.708618 814.849365 -384 ) (380.708710 814.849304 -200 ) (18.429810 1024 -200 ) 
4 3 32 0 (0 953.206604 -200 ) (0 1024 -200 ) (0 1024 -384 ) (0 953.206604 -384 ) 
4 3 4 0 (0 953.208557 -384 ) (233.800095 868.239441 -384 ) (233.795486 868.240234 -200 ) (0 953.206299 -200 ) 
4 4 33 0 (0 909.591797 -200 ) (0 953.206604 -200 ) (0 953.206604 -384 ) (0 909.591797 -384 ) 
4 4 14 0 (0 909.591553 -384 ) (76.844002 896 -384 ) (76.842834 896 -200 ) (0 909.591248 -200 ) 
4 5 19 0 (520 0 -384 ) (678.291382 0 -384 ) (678.291382 0 -200 ) (520 0 -200 ) 
4 5 15 0 (678.289063 0 -384 ) (520 188.620972 -384 ) (520 188.625244 -200 ) (678.293579 0 -200 ) 
4 5 12 0 (520 188.628906 -200 ) (520 188.628906 -384 ) (520 44.488815 -384 ) (520 44.488808 -200 ) 
4 6 47 0 (0 808.263428 -256 ) (0 808.263428 -384 ) (0 678.291443 -384 ) (0 678.291443 -256 ) 
4 6 45 0 (0 678.291443 -200 ) (0 808.263428 -200 ) (0 808.263428 -256 ) (0 678.291443 -256 ) 
4 6 34 0 (0 520 -200 ) (0 678.291443 -200 ) (0 678.291443 -384 ) (0 520 -384 ) 
4 6 18 0 (241.909637 520 -384 ) (0 808.265259 -384 ) (0 808.265747 -256 ) (241.911011 520 -256 ) 
4 6 16 0 (0 808.265747 -256 ) (0 808.265930 -200 ) (241.911621 520 -200 ) (241.911011 520 -256 ) 
4 6 13 0 (44.488789 520 -384 ) (241.915741 520 -384 ) (241.915726 520 -200 ) (44.488785 520 -200 ) 
4 7 17 0 (368.795654 368.799591 -384 ) (338.917267 404.403381 -384 ) (338.920715 404.401428 -256 ) (368.802124 368.794159 -256 ) 
4 7 16 0 (338.920715 404.401428 -256 ) (338.922211 404.400574 -200 ) (368.804962 368.791779 -200 ) (368.802124 368.794159 -256 ) 
4 7 9 0 (338.920074 404.400604 -200 ) (338.920074 404.400604 -384 ) (298.641449 427.672699 -384 ) (298.641449 427.672699 -200 ) 
4 8 15 0 (458.425140 261.994995 -384 ) (427.678589 298.633301 -384 ) (427.671722 298.645142 -200 ) (458.422607 262.001892 -200 ) 
4 8 10 0 (474.735931 217.187881 -384 ) (458.425140 261.996399 -384 ) (458.425140 261.996399 -200 ) (474.735931 217.187866 -200 ) 
4 9 17 0 (338.917267 404.403381 -384 ) (307.475830 441.869751 -384 ) (307.478210 441.868896 -256 ) (338.920715 404.401428 -256 ) 
4 9 16 0 (307.478210 441.868896 -256 ) (307.479248 441.868530 -200 ) (338.922211 404.400574 -200 ) (338.920715 404.401428 -256 ) 
4 9 11 0 (307.476440 441.869354 -200 ) (307.476440 441.869354 -384 ) (217.190750 474.734283 -384 ) (217.190750 474.734283 -200 ) 
4 10 15 0 (487.951172 226.811096 -384 ) (458.425140 261.994995 -384 ) (458.422607 262.001892 -200 ) (487.950226 226.816299 -200 ) 
4 10 12 0 (503.565430 137.986008 -384 ) (487.951324 226.812454 -384 ) (487.951324 226.812454 -200 ) (503.565430 137.986023 -200 ) 
4 11 18 0 (286.210266 467.210297 -384 ) (276.071289 479.292145 -384 ) (276.073090 479.291840 -256 ) (286.211121 467.211151 -256 ) 
4 11 17 0 (307.475830 441.869751 -384 ) (286.210266 467.210297 -384 ) (286.211121 467.211151 -256 ) (307.478210 441.868896 -256 ) 
4 11 16 0 (276.073090 479.291840 -256 ) (276.073883 479.291687 -200 ) (307.479248 441.868530 -200 ) (307.478210 441.868896 -256 ) 
4 11 13 0 (276.071167 479.292419 -200 ) (276.071167 479.292419 -384 ) (137.988342 503.564575 -384 ) (137.988342 503.564575 -200 ) 
4 12 15 0 (520 188.620972 -384 ) (487.951172 226.811096 -384 ) (487.950226 226.816299 -200 ) (520 188.625244 -200 ) 
4 13 18 0 (276.071289 479.292145 -384 ) (241.909637 520 -384 ) (241.911011 520 -256 ) (276.073090 479.291840 -256 ) 
4 13 16 0 (241.911011 520 -256 ) (241.911621 520 -200 ) (276.073883 479.291687 -200 ) (276.073090 479.291840 -256 ) 
4 14 43 0 (0 896 -200 ) (0 909.591797 -200 ) (0 909.591797 -384 ) (0 896 -384 ) 
4 15 19 0 (678.291382 0 -384 ) (888 0 -384 ) (888 0 -200 ) (678.291382 0 -200 ) 
4 15 17 0 (630.250366 630.250366 -384 ) (368.793427 368.793427 -384 ) (368.793427 368.793427 -256 ) (630.250366 630.250366 -256 ) 
4 15 16 0 (368.793427 368.793427 -256 ) (368.793427 368.793427 -200 ) (630.250366 630.250366 -200 ) (630.250366 630.250366 -256 ) 
4 16 45 0 (0 808.263428 -200 ) (0 888 -200 ) (0 888 -256 ) (0 808.263428 -256 ) 
8 16 18 0 (0 888 -256 ) (75.845879 888 -256 ) (228.901031 860.929077 -256 ) (379.681641 806.132324 -256 ) (511.226593 730.188782 -256 ) (531.862122 712.862183 -256 ) (286.210358 467.210388 -256 ) (0 808.263977 -256 ) 
4 16 17 0 (531.862122 712.862183 -256 ) (630.250427 630.250427 -256 ) (368.797729 368.797729 -256 ) (286.210358 467.210388 -256 ) 
4 17 18 0 (286.210938 467.218750 -384 ) (286.210938 467.218750 -256 ) (531.857910 712.865723 -256 ) (531.857910 712.865723 -384 ) 
4 18 47 0 (0 888 -256 ) (0 888 -384 ) (0 808.263428 -384 ) (0 808.263428 -256 ) 
4 19 28 0 (520 -520 -384 ) (520 -722.822144 -384 ) (520 -722.822144 -200 ) (520 -520 -200 ) 
4 19 27 0 (520 -44.488804 -384 ) (520 -520 -384 ) (520 -520 -200 ) (520 -44.488800 -200 ) 
4 20 21 0 (338.914063 -404.406250 -200 ) (338.914063 -404.406250 -384 ) (368.792633 -368.802124 -384 ) (368.792633 -368.802124 -200 ) 
4 20 22 0 (298.643066 -427.671387 -384 ) (338.920776 -404.399750 -384 ) (338.920776 -404.399750 -200 ) (298.643066 -427.671387 -200 ) 
4 21 22 0 (338.920776 -404.399750 -384 ) (380.414063 -380.425781 -384 ) (380.414063 -380.425781 -200 ) (338.920776 -404.399750 -200 ) 
4 21 23 0 (380.420807 -380.423584 -384 ) (427.672729 -298.641418 -384 ) (427.672729 -298.641418 -200 ) (380.420807 -380.423584 -200 ) 
4 22 23 0 (354.886719 -424.617188 -200 ) (354.886719 -424.617188 -384 ) (380.420807 -380.423584 -384 ) (380.420807 -380.423584 -200 ) 
4 22 24 0 (217.187927 -474.735901 -384 ) (354.891968 -424.610107 -384 ) (354.891998 -424.610107 -200 ) (217.187927 -474.735901 -200 ) 
4 23 24 0 (354.891968 -424.610107 -384 ) (406.011719 -406.001953 -384 ) (406.011719 -406.001953 -200 ) (354.891998 -424.610107 -200 ) 
4 23 25 0 (406.004059 -406.004700 -384 ) (474.734314 -217.190674 -384 ) (474.734314 -217.190674 -200 ) (406.004089 -406.004669 -200 ) 
4 24 25 0 (386.384766 -459.902344 -200 ) (386.384766 -459.902344 -384 ) (406.004059 -406.004700 -384 ) (406.004089 -406.004669 -200 ) 
4 24 26 0 (137.985840 -503.565460 -384 ) (386.385620 -459.901245 -384 ) (386.385620 -459.901245 -200 ) (137.985840 -503.565460 -200 ) 
4 25 26 0 (386.385620 -459.901245 -384 ) (448.917969 -448.909180 -384 ) (448.917969 -448.909180 -200 ) (386.385620 -459.901245 -200 ) 
4 25 27 0 (448.910339 -448.910278 -384 ) (503.564972 -137.987274 -384 ) (503.564972 -137.987289 -200 ) (448.910339 -448.910278 -200 ) 
4 26 28 0 (44.488811 -520 -384 ) (436.414001 -520 -384 ) (436.414032 -520 -200 ) (44.488831 -520 -200 ) 
4 26 27 0 (436.414063 -520 -200 ) (436.414063 -520 -384 ) (448.910339 -448.910278 -384 ) (448.910339 -448.910278 -200 ) 
4 27 28 0 (436.414001 -520 -384 ) (520 -520 -384 ) (520 -520 -200 ) (436.414032 -520 -200 ) 
4 28 57 0 (0 -888 -200 ) (0 -520 -200 ) (0 -520 -384 ) (0 -888 -384 ) 
4 29 32 0 (0 1024 -384 ) (0 1024 -200 ) (-18.428595 1024 -200 ) (-18.428589 1024 -384 ) 
4 29 31 0 (-18.428595 1024 -200 ) (-173.451401 1024 -200 ) (-173.451431 1024 -384 ) (-18.428589 1024 -384 ) 
4 29 30 0 (-173.451401 1024 -200 ) (-366.505615 1024 -200 ) (-366.505646 1024 -384 ) (-173.451431 1024 -384 ) 
4 30 46 0 (-635.798218 635.798218 -384 ) (-537.409973 718.409912 -384 ) (-537.407532 718.407593 -256 ) (-635.795776 635.795837 -256 ) 
4 30 31 0 (-514.645020 737.524536 -384 ) (-173.460938 1024 -384 ) (-173.453125 1024 -200 ) (-514.620850 737.538452 -200 ) 
4 31 32 0 (-380.708710 814.849304 -384 ) (-18.429810 1024 -384 ) (-18.429688 1024 -200 ) (-380.708618 814.849365 -200 ) 
4 32 33 0 (-233.795486 868.240234 -384 ) (0 953.206299 -384 ) (0 953.208557 -200 ) (-233.800095 868.239441 -200 ) 
4 33 43 0 (-76.842819 896 -384 ) (0 909.591248 -384 ) (0 909.591553 -200 ) (-76.843987 896 -200 ) 
4 34 47 0 (0 678.291138 -384 ) (-188.622375 520 -384 ) (-188.623154 520 -256 ) (0 678.291565 -256 ) 
4 34 45 0 (-188.623154 520 -256 ) (-188.623505 520 -200 ) (0 678.291748 -200 ) (0 678.291565 -256 ) 
4 34 40 0 (-188.623886 520 -200 ) (-188.623886 520 -384 ) (-44.488785 520 -384 ) (-44.488789 520 -200 ) 
4 35 44 0 (-368.798737 368.796722 -384 ) (-404.403259 338.917542 -384 ) (-404.401703 338.920197 -200 ) (-368.795135 368.801025 -200 ) 
4 35 37 0 (-404.400604 338.920074 -200 ) (-404.400604 338.920074 -384 ) (-427.672699 298.641449 -384 ) (-427.672699 298.641449 -200 ) 
4 36 47 0 (-261.996796 458.424469 -384 ) (-270.385071 451.385071 -384 ) (-270.385468 451.385498 -256 ) (-261.998383 458.423889 -256 ) 
4 36 46 0 (-270.385071 451.385071 -384 ) (-298.635803 427.677155 -384 ) (-298.638916 427.675385 -256 ) (-270.385468 451.385498 -256 ) 
4 36 45 0 (-298.638916 427.675385 -256 ) (-298.640259 427.674591 -200 ) (-262 458.423645 -200 ) (-261.998383 458.423889 -256 ) 
4 36 38 0 (-217.187881 474.735931 -384 ) (-261.996399 458.425140 -384 ) (-261.996399 458.425140 -200 ) (-217.187866 474.735931 -200 ) 
4 37 44 0 (-404.403259 338.917542 -384 ) (-441.869690 307.475861 -384 ) (-441.868988 307.477875 -200 ) (-404.401703 338.920197 -200 ) 
4 37 39 0 (-441.869354 307.476440 -200 ) (-441.869354 307.476440 -384 ) (-474.734283 217.190750 -384 ) (-474.734283 217.190750 -200 ) 
4 38 47 0 (-226.812592 487.950928 -384 ) (-261.996796 458.424469 -384 ) (-261.998383 458.423889 -256 ) (-226.813721 487.950684 -256 ) 
4 38 45 0 (-261.998383 458.423889 -256 ) (-262 458.423645 -200 ) (-226.814209 487.950592 -200 ) (-226.813721 487.950684 -256 ) 
4 38 40 0 (-137.986008 503.565430 -384 ) (-226.812454 487.951324 -384 ) (-226.812454 487.951324 -200 ) (-137.986023 503.565430 -200 ) 
4 39 44 0 (-441.869690 307.475861 -384 ) (-479.292206 276.071045 -384 ) (-479.291840 276.072845 -200 ) (-441.868988 307.477875 -200 ) 
4 39 41 0 (-479.292297 276.071259 -200 ) (-479.292297 276.071259 -384 ) (-503.564972 137.987274 -384 ) (-503.564972 137.987289 -200 ) 
4 40 47 0 (-188.622375 520 -384 ) (-226.812592 487.950928 -384 ) (-226.813721 487.950684 -256 ) (-188.623154 520 -256 ) 
4 40 45 0 (-226.813721 487.950684 -256 ) (-226.814209 487.950592 -200 ) (-188.623505 520 -200 ) (-188.623154 520 -256 ) 
4 41 44 0 (-479.292206 276.071045 -384 ) (-520 241.909210 -384 ) (-520 241.910812 -200 ) (-479.291840 276.072845 -200 ) 
4 41 42 0 (-520 241.906250 -200 ) (-520 241.906250 -384 ) (-520 44.488800 -384 ) (-520 44.488792 -200 ) 
4 42 56 0 (-808.263428 0 -384 ) (-520 0 -384 ) (-520 0 -200 ) (-808.263428 0 -200 ) 
4 42 44 0 (-520 241.909210 -384 ) (-808.263062 0 -384 ) (-808.265625 0 -200 ) (-520 241.910812 -200 ) 
4 44 56 0 (-888 0 -384 ) (-808.263428 0 -384 ) (-808.263428 0 -200 ) (-888 0 -200 ) 
4 44 46 0 (-368.793427 368.793427 -256 ) (-368.793427 368.793427 -384 ) (-630.250366 630.250366 -384 ) (-630.250366 630.250366 -256 ) 
4 44 45 0 (-368.793427 368.793427 -200 ) (-368.793427 368.793427 -256 ) (-630.250366 630.250366 -256 ) (-630.250366 630.250366 -200 ) 
8 45 47 0 (-531.862183 712.862183 -256 ) (-511.226807 730.188660 -256 ) (-379.681641 806.132263 -256 ) (-228.901062 860.929077 -256 ) (-75.845993 888 -256 ) (0 888 -256 ) (0 678.279297 -256 ) (-270.371338 451.371338 -256 ) 
4 45 46 0 (-368.781250 368.781250 -256 ) (-630.252441 630.248657 -256 ) (-531.862183 712.862183 -256 ) (-270.371338 451.371338 -256 ) 
4 46 47 0 (-531.862183 712.862183 -256 ) (-270.385284 451.385284 -256 ) (-270.385284 451.385284 -384 ) (-531.862183 712.862183 -384 ) 
4 48 49 0 (-404.406250 -338.914063 -200 ) (-404.406250 -338.914063 -384 ) (-368.802124 -368.792633 -384 ) (-368.802124 -368.792633 -200 ) 
4 48 50 0 (-427.671387 -298.643066 -384 ) (-404.399750 -338.920776 -384 ) (-404.399750 -338.920776 -200 ) (-427.671387 -298.643066 -200 ) 
4 49 50 0 (-404.399750 -338.920776 -384 ) (-380.425781 -380.414063 -384 ) (-380.425781 -380.414063 -200 ) (-404.399750 -338.920776 -200 ) 
4 49 51 0 (-380.423584 -380.420807 -384 ) (-298.641418 -427.672729 -384 ) (-298.641418 -427.672729 -200 ) (-380.423584 -380.420807 -200 ) 
4 50 51 0 (-424.617188 -354.886719 -200 ) (-424.617188 -354.886719 -384 ) (-380.423584 -380.420807 -384 ) (-380.423584 -380.420807 -200 ) 
4 50 52 0 (-474.735901 -217.187927 -384 ) (-424.610107 -354.891968 -384 ) (-424.610107 -354.891998 -200 ) (-474.735901 -217.187927 -200 ) 
4 51 52 0 (-424.610107 -354.891968 -384 ) (-406.001953 -406.011719 -384 ) (-406.001953 -406.011719 -200 ) (-424.610107 -354.891998 -200 ) 
4 51 53 0 (-406.004700 -406.004059 -384 ) (-217.190674 -474.734314 -384 ) (-217.190674 -474.734314 -200 ) (-406.004669 -406.004089 -200 ) 
4 52 53 0 (-459.902344 -386.384766 -200 ) (-459.902344 -386.384766 -384 ) (-406.004700 -406.004059 -384 ) (-406.004669 -406.004089 -200 ) 
4 52 54 0 (-503.565460 -137.985840 -384 ) (-459.901245 -386.385620 -384 ) (-459.901245 -386.385620 -200 ) (-503.565460 -137.985840 -200 ) 
4 53 54 0 (-459.901245 -386.385620 -384 ) (-448.909180 -448.917969 -384 ) (-448.909180 -448.917969 -200 ) (-459.901245 -386.385620 -200 ) 
4 53 55 0 (-448.910278 -448.910339 -384 ) (-137.987274 -503.564972 -384 ) (-137.987289 -503.564972 -200 ) (-448.910278 -448.910339 -200 ) 
4 54 56 0 (-520 -44.488811 -384 ) (-520 -436.414001 -384 ) (-520 -436.414032 -200 ) (-520 -44.488831 -200 ) 
4 54 55 0 (-520 -436.414063 -200 ) (-520 -436.414063 -384 ) (-448.910278 -448.910339 -384 ) (-448.910278 -448.910339 -200 ) 
4 55 57 0 (-520 -520 -384 ) (-44.488800 -520 -384 ) (-44.488804 -520 -200 ) (-520 -520 -200 ) 
4 55 56 0 (-520 -436.414001 -384 ) (-520 -520 -384 ) (-520 -520 -200 ) (-520 -436.414032 -200 ) 
4 56 57 0 (-722.822144 -520 -384 ) (-520 -520 -384 ) (-520 -520 -200 ) (-722.822144 -520 -200 ) 
4 0 (282.920624 1054.425781 -200 ) (366.507813 1024 -200 ) (366.511536 1024 -384 ) (282.924316 1054.425049 -384 ) 
5 0 (282.912384 1054.427246 -200 ) (92.666794 1088 -200 ) (0 1088 -200 ) (0 1024 -200 ) (366.505554 1024 -200 ) 
5 0 (366.505554 1024 -384 ) (0 1024 -384 ) (0 1088 -384 ) (92.666794 1088 -384 ) (282.912384 1054.427246 -384 ) 
4 0 (0 1088 -200 ) (92.666794 1088 -200 ) (92.666794 1088 -384 ) (0 1088 -384 ) 
4 0 (282.910156 1054.426758 -200 ) (282.910156 1054.426758 -384 ) (92.662117 1088 -384 ) (92.662117 1088 -200 ) 
4 1 (514.620850 737.538452 -384 ) (537.406494 718.406494 -384 ) (537.408875 718.408875 -256 ) (514.637634 737.528748 -256 ) 
4 1 (635.797180 635.797180 -256 ) (635.798218 635.798218 -200 ) (514.645020 737.524536 -200 ) (514.637634 737.528748 -256 ) 
4 1 (624.521423 895.499268 -200 ) (771.860474 771.860474 -200 ) (771.860474 771.860474 -384 ) (624.521423 895.499268 -384 ) 
4 1 (771.860352 771.860352 -200 ) (635.792969 635.792969 -200 ) (635.792969 635.792969 -384 ) (771.860352 771.860352 -384 ) 
6 1 (635.793945 635.794006 -200 ) (771.860352 771.860413 -200 ) (624.515930 895.502319 -200 ) (462.532410 989.046997 -200 ) (366.505554 1024 -200 ) (173.451431 1024 -200 ) 
6 1 (173.451431 1024 -384 ) (366.505554 1024 -384 ) (462.532410 989.046997 -384 ) (624.515930 895.502319 -384 ) (771.860352 771.860413 -384 ) (635.793945 635.794006 -384 ) 
4 1 (366.503845 1024 -200 ) (462.535461 989.045227 -200 ) (462.535431 989.045288 -384 ) (366.503876 1024 -384 ) 
4 1 (624.539063 895.492188 -200 ) (624.539063 895.492188 -384 ) (462.547119 989.040283 -384 ) (462.547119 989.040283 -200 ) 
4 2 (423.206696 790.314392 -384 ) (475.737061 759.987549 -384 ) (475.737091 759.987549 -256 ) (423.206573 790.314453 -256 ) 
4 2 (380.708618 814.849365 -384 ) (423.206696 790.314392 -384 ) (423.206573 790.314453 -256 ) (380.708679 814.849304 -256 ) 
4 2 (475.737061 759.987549 -384 ) (514.621094 737.539063 -384 ) (514.621094 737.539063 -256 ) (475.737091 759.987549 -256 ) 
4 2 (475.737061 759.987610 -200 ) (423.206665 790.314392 -200 ) (423.206665 790.314392 -256 ) (475.737061 759.987610 -256 ) 
4 2 (514.621094 737.539063 -256 ) (514.621094 737.539063 -200 ) (475.737061 759.987610 -200 ) (475.737061 759.987610 -256 ) 
4 2 (423.206665 790.314392 -200 ) (380.708710 814.849304 -200 ) (380.708679 814.849304 -256 ) (423.206665 790.314392 -256 ) 
3 2 (18.428585 1024 -384 ) (173.451431 1024 -384 ) (514.615295 737.541687 -384 ) 
3 2 (514.615295 737.541687 -200 ) (173.451431 1024 -200 ) (18.428585 1024 -200 ) 
4 3 (233.800095 868.239441 -384 ) (380.707031 814.849609 -384 ) (380.707031 814.849609 -256 ) (233.796890 868.239990 -256 ) 
4 3 (380.707031 814.849609 -256 ) (380.707031 814.849609 -200 ) (233.795486 868.240234 -200 ) (233.796890 868.239990 -256 ) 
4 3 (380.705566 814.850403 -200 ) (18.428585 1024 -200 ) (0 1024 -200 ) (0 953.206604 -200 ) 
4 3 (0 953.206604 -384 ) (0 1024 -384 ) (18.428585 1024 -384 ) (380.705566 814.850403 -384 ) 
4 4 (122.074448 888 -384 ) (185.071594 876.857544 -384 ) (185.071777 876.857483 -256 ) (122.073868 888 -256 ) 
4 4 (185.071594 876.857544 -384 ) (233.781281 868.242188 -384 ) (233.781265 868.242188 -256 ) (185.071777 876.857483 -256 ) 
4 4 (185.071976 876.857422 -200 ) (122.073616 888 -200 ) (122.073868 888 -256 ) (185.071777 876.857483 -256 ) 
4 4 (233.781265 868.242188 -256 ) (233.781265 868.242188 -200 ) (185.071976 876.857422 -200 ) (185.071777 876.857483 -256 ) 
4 4 (76.844002 896 -384 ) (122.074448 888 -384 ) (122.073616 888 -200 ) (76.842834 896 -200 ) 
3 4 (0 909.591797 -384 ) (0 953.206604 -384 ) (233.797073 868.239990 -384 ) 
3 4 (233.797073 868.239990 -200 ) (0 953.206604 -200 ) (0 909.591797 -200 ) 
4 5 (520 44.488815 -384 ) (520 0 -384 ) (520 0 -200 ) (520 44.488808 -200 ) 
3 5 (678.291382 0 -384 ) (520 0 -384 ) (520 188.622681 -384 ) 
3 5 (520 188.622681 -200 ) (520 0 -200 ) (678.291382 0 -200 ) 
4 6 (0 520 -384 ) (44.488789 520 -384 ) (44.488785 520 -200 ) (0 520 -200 ) 
3 6 (241.909500 520 -200 ) (0 808.263428 -200 ) (0 520 -200 ) 
3 6 (0 520 -384 ) (0 808.263428 -384 ) (241.909500 520 -384 ) 
3 7 (298.637024 427.676453 -384 ) (338.918091 404.402924 -384 ) (368.797699 368.797882 -384 ) 
3 7 (368.797699 368.797882 -200 ) (338.918091 404.402924 -200 ) (298.637024 427.676453 -200 ) 
4 7 (298.633972 427.676971 -200 ) (298.633972 427.676971 -384 ) (368.802155 368.792633 -384 ) (368.802155 368.792633 -200 ) 
4 8 (427.671326 298.643158 -200 ) (427.671326 298.643158 -384 ) (474.735229 217.186630 -384 ) (474.735229 217.186630 -200 ) 
3 8 (474.734131 217.190994 -200 ) (458.424255 261.997345 -200 ) (427.676514 298.636871 -200 ) 
3 8 (427.676514 298.636871 -384 ) (458.424255 261.997345 -384 ) (474.734131 217.190994 -384 ) 
4 9 (298.641449 427.672699 -200 ) (217.187790 474.734833 -200 ) (217.187790 474.734833 -384 ) (298.641449 427.672699 -384 ) 
3 9 (217.190933 474.734161 -384 ) (307.476196 441.869598 -384 ) (338.918091 404.402924 -384 ) 
3 9 (338.918091 404.402924 -200 ) (307.476196 441.869598 -200 ) (217.190933 474.734161 -200 ) 
4 10 (474.735931 217.187866 -200 ) (474.735931 217.187881 -384 ) (503.563721 137.993027 -384 ) (503.563721 137.993011 -200 ) 
3 10 (503.564514 137.988480 -200 ) (487.950836 226.813004 -200 ) (458.424255 261.997345 -200 ) 
3 10 (458.424255 261.997345 -384 ) (487.950836 226.813004 -384 ) (503.564514 137.988480 -384 ) 
4 11 (217.190750 474.734283 -200 ) (137.986572 503.565430 -200 ) (137.986572 503.565430 -384 ) (217.190750 474.734283 -384 ) 
3 11 (137.988525 503.564484 -384 ) (276.071381 479.292114 -384 ) (307.476196 441.869598 -384 ) 
3 11 (307.476196 441.869598 -200 ) (276.071381 479.292114 -200 ) (137.988525 503.564484 -200 ) 
4 12 (503.565430 137.986023 -200 ) (503.565430 137.986008 -384 ) (520 44.492020 -384 ) (520 44.492020 -200 ) 
3 12 (520 44.488831 -200 ) (520 188.622681 -200 ) (487.950836 226.813004 -200 ) 
3 12 (487.950836 226.813004 -384 ) (520 188.622681 -384 ) (520 44.488831 -384 ) 
4 13 (137.988342 503.564575 -200 ) (44.488289 520 -200 ) (44.488293 520 -384 ) (137.988342 503.564575 -384 ) 
3 13 (44.488808 520 -384 ) (241.909500 520 -384 ) (276.071381 479.292114 -384 ) 
3 13 (276.071381 479.292114 -200 ) (241.909500 520 -200 ) (44.488808 520 -200 ) 
4 14 (0 896 -384 ) (76.844879 896 -384 ) (76.844879 896 -200 ) (0 896 -200 ) 
3 14 (0 896 -384 ) (0 909.591797 -384 ) (76.846031 896 -384 ) 
3 14 (76.846031 896 -200 ) (0 909.591797 -200 ) (0 896 -200 ) 
4 15 (806.131287 379.684387 -384 ) (730.192261 511.221680 -384 ) (730.192261 511.221680 -200 ) (806.131287 379.684387 -200 ) 
4 15 (730.194824 511.216095 -384 ) (630.249207 630.249207 -384 ) (630.249207 630.249207 -200 ) (730.194824 511.216095 -200 ) 
8 15 (888 0 -384 ) (678.291382 0 -384 ) (368.797791 368.797791 -384 ) (630.250366 630.250427 -384 ) (730.188782 511.226624 -384 ) (806.132263 379.681641 -384 ) (860.929077 228.901031 -384 ) (888 75.845932 -384 ) 
8 15 (888 75.845932 -200 ) (860.929077 228.901031 -200 ) (806.132263 379.681641 -200 ) (730.188782 511.226624 -200 ) (630.250366 630.250427 -200 ) (368.797791 368.797791 -200 ) (678.291382 0 -200 ) (888 0 -200 ) 
4 15 (427.671722 298.645142 -200 ) (368.804962 368.791779 -200 ) (368.795654 368.799591 -384 ) (427.678589 298.633301 -384 ) 
4 15 (888 75.845924 -200 ) (888 0 -200 ) (888 0 -384 ) (888 75.845932 -384 ) 
4 15 (888 75.844009 -200 ) (888 75.844009 -384 ) (860.928467 228.902588 -384 ) (860.928406 228.902786 -200 ) 
4 15 (860.931885 228.884735 -200 ) (860.931885 228.884720 -384 ) (806.126953 379.687500 -384 ) (806.126953 379.687500 -200 ) 
4 16 (228.900589 860.929016 -200 ) (228.900589 860.929016 -256 ) (75.845398 888 -256 ) (75.845398 888 -200 ) 
4 16 (379.694092 806.125000 -256 ) (228.888977 860.931213 -256 ) (228.888977 860.931213 -200 ) (379.694092 806.125000 -200 ) 
4 16 (75.845856 888 -256 ) (0 888 -256 ) (0 888 -200 ) (75.845856 888 -200 ) 
8 16 (630.250366 630.250427 -200 ) (511.226654 730.188721 -200 ) (379.681152 806.132446 -200 ) (228.901123 860.929016 -200 ) (75.845886 888 -200 ) (0 888 -200 ) (0 808.263428 -200 ) (368.797791 368.797791 -200 ) 
4 16 (630.250000 630.250000 -200 ) (630.250000 630.250000 -256 ) (511.218689 730.193298 -256 ) (511.218658 730.193298 -200 ) 
4 16 (511.221680 730.192200 -200 ) (511.221680 730.192200 -256 ) (379.684326 806.131287 -256 ) (379.684326 806.131287 -200 ) 
4 17 (531.857910 712.865723 -256 ) (537.401428 718.409241 -256 ) (537.401428 718.409241 -384 ) (531.857910 712.865723 -384 ) 
4 17 (368.797791 368.797791 -384 ) (286.210358 467.210358 -384 ) (537.405701 718.405762 -384 ) (635.793945 635.794006 -384 ) 
4 17 (630.250366 630.250366 -256 ) (630.250366 630.250366 -384 ) (635.793945 635.793945 -384 ) (635.793945 635.793945 -256 ) 
4 17 (531.862183 712.862122 -256 ) (630.250427 630.250427 -256 ) (635.794006 635.794006 -256 ) (537.405701 718.405701 -256 ) 
4 18 (511.216339 730.195435 -256 ) (511.216339 730.195435 -384 ) (379.679688 806.134766 -384 ) (379.679688 806.134766 -256 ) 
4 18 (531.859375 712.859375 -256 ) (531.859375 712.859375 -384 ) (511.207825 730.199585 -384 ) (511.207825 730.199585 -256 ) 
8 18 (286.210358 467.210358 -384 ) (0 808.263428 -384 ) (0 888 -384 ) (75.845886 888 -384 ) (228.901215 860.928955 -384 ) (379.681396 806.132385 -384 ) (511.226349 730.188965 -384 ) (531.862061 712.862122 -384 ) 
4 18 (0 888 -256 ) (75.845856 888 -256 ) (75.845856 888 -384 ) (0 888 -384 ) 
4 18 (228.889038 860.931213 -256 ) (379.694427 806.124878 -256 ) (379.694427 806.124878 -384 ) (228.889023 860.931152 -384 ) 
4 18 (228.911453 860.925049 -256 ) (228.911453 860.925049 -384 ) (75.843742 888 -384 ) (75.843750 888 -256 ) 
4 19 (520 0 -384 ) (520 -44.488804 -384 ) (520 -44.488800 -200 ) (520 0 -200 ) 
4 19 (806.123474 -379.696869 -384 ) (860.931519 -228.883804 -384 ) (860.931519 -228.883820 -200 ) (806.123474 -379.696869 -200 ) 
4 19 (860.927734 -228.904633 -384 ) (888 -75.842621 -384 ) (888 -75.842621 -200 ) (860.927734 -228.904633 -200 ) 
4 19 (888 0 -200 ) (888 -75.845978 -200 ) (888 -75.845978 -384 ) (888 0 -384 ) 
8 19 (520 -722.822144 -200 ) (630.250610 -630.250183 -200 ) (730.188843 -511.226532 -200 ) (806.132385 -379.681396 -200 ) (860.929016 -228.901093 -200 ) (888 -75.845978 -200 ) (888 0 -200 ) (520 0 -200 ) 
8 19 (520 -722.822144 -384 ) (520 0 -384 ) (888 0 -384 ) (888 -75.845978 -384 ) (860.929016 -228.901093 -384 ) (806.132385 -379.681396 -384 ) (730.188843 -511.226532 -384 ) (630.250610 -630.250183 -384 ) 
4 19 (520 -722.819885 -200 ) (520 -722.819885 -384 ) (630.257324 -630.242126 -384 ) (630.257324 -630.242126 -200 ) 
4 19 (630.234619 -630.260620 -200 ) (630.234619 -630.260620 -384 ) (730.202332 -511.203033 -384 ) (730.202332 -511.203033 -200 ) 
4 19 (730.195435 -511.216339 -200 ) (730.195435 -511.216339 -384 ) (806.134766 -379.679688 -384 ) (806.134766 -379.679688 -200 ) 
3 20 (368.797852 -368.797760 -384 ) (338.918274 -404.402771 -384 ) (298.637177 -427.676300 -384 ) 
3 20 (298.637177 -427.676300 -200 ) (338.918274 -404.402771 -200 ) (368.797852 -368.797760 -200 ) 
4 20 (368.785156 -368.808594 -200 ) (368.785156 -368.808594 -384 ) (298.637939 -427.678589 -384 ) (298.637939 -427.678589 -200 ) 
4 21 (368.792633 -368.802124 -200 ) (427.676971 -298.633972 -200 ) (427.676971 -298.633972 -384 ) (368.792633 -368.802124 -384 ) 
3 21 (338.918274 -404.402771 -200 ) (380.422607 -380.422485 -200 ) (427.676361 -298.637115 -200 ) 
3 21 (427.676361 -298.637115 -384 ) (380.422607 -380.422485 -384 ) (338.918274 -404.402771 -384 ) 
4 22 (298.643066 -427.671387 -200 ) (298.643066 -427.671387 -384 ) (217.186630 -474.735229 -384 ) (217.186630 -474.735229 -200 ) 
3 22 (380.422607 -380.422485 -384 ) (354.892151 -424.609863 -384 ) (217.190628 -474.734314 -384 ) 
3 22 (217.190628 -474.734314 -200 ) (354.892151 -424.609863 -200 ) (380.422607 -380.422485 -200 ) 
4 23 (427.672729 -298.641418 -200 ) (474.734833 -217.187790 -200 ) (474.734833 -217.187790 -384 ) (427.672729 -298.641418 -384 ) 
3 23 (354.892151 -424.609863 -200 ) (406.004456 -406.004578 -200 ) (474.734131 -217.191010 -200 ) 
3 23 (474.734131 -217.191010 -384 ) (406.004456 -406.004578 -384 ) (354.892151 -424.609863 -384 ) 
4 24 (217.187927 -474.735901 -200 ) (217.187927 -474.735901 -384 ) (137.993027 -503.563721 -384 ) (137.993011 -503.563721 -200 ) 
3 24 (406.004456 -406.004578 -384 ) (386.385742 -459.900940 -384 ) (137.988556 -503.564514 -384 ) 
3 24 (137.988556 -503.564514 -200 ) (386.385742 -459.900940 -200 ) (406.004456 -406.004578 -200 ) 
4 25 (474.734314 -217.190674 -200 ) (503.565430 -137.986572 -200 ) (503.565430 -137.986572 -384 ) (474.734314 -217.190674 -384 ) 
3 25 (386.385742 -459.900940 -200 ) (448.910278 -448.910309 -200 ) (503.564514 -137.988480 -200 ) 
3 25 (503.564514 -137.988480 -384 ) (448.910278 -448.910309 -384 ) (386.385742 -459.900940 -384 ) 
4 26 (137.985840 -503.565460 -200 ) (137.985840 -503.565460 -384 ) (44.492020 -520 -384 ) (44.492020 -520 -200 ) 
3 26 (448.910278 -448.910309 -384 ) (436.414032 -520 -384 ) (44.488831 -520 -384 ) 
3 26 (44.488831 -520 -200 ) (436.414032 -520 -200 ) (448.910278 -448.910309 -200 ) 
4 27 (503.564972 -137.987289 -200 ) (520 -44.490536 -200 ) (520 -44.490532 -384 ) (503.564972 -137.987274 -384 ) 
3 27 (436.414032 -520 -200 ) (520 -520 -200 ) (520 -44.488804 -200 ) 
3 27 (520 -44.488804 -384 ) (520 -520 -384 ) (436.414032 -520 -384 ) 
4 28 (379.684387 -806.131287 -384 ) (511.221680 -730.192261 -384 ) (511.221680 -730.192261 -200 ) (379.684387 -806.131287 -200 ) 
4 28 (511.209473 -730.198669 -384 ) (520 -722.817688 -384 ) (520 -722.817688 -200 ) (511.209473 -730.198669 -200 ) 
8 28 (75.845932 -888 -200 ) (228.900879 -860.929077 -200 ) (379.681885 -806.132141 -200 ) (511.226532 -730.188782 -200 ) (520 -722.822144 -200 ) (520 -520 -200 ) (0 -520 -200 ) (0 -888 -200 ) 
8 28 (0 -888 -384 ) (0 -520 -384 ) (520 -520 -384 ) (520 -722.822144 -384 ) (511.226532 -730.188782 -384 ) (379.681885 -806.132141 -384 ) (228.900879 -860.929077 -384 ) (75.845932 -888 -384 ) 
4 28 (0 -520 -200 ) (44.488831 -520 -200 ) (44.488811 -520 -384 ) (0 -520 -384 ) 
4 28 (0 -888 -384 ) (75.845924 -888 -384 ) (75.845932 -888 -200 ) (0 -888 -200 ) 
4 28 (75.844009 -888 -200 ) (75.844009 -888 -384 ) (228.902588 -860.928467 -384 ) (228.902786 -860.928406 -200 ) 
4 28 (228.884735 -860.931885 -200 ) (228.884720 -860.931885 -384 ) (379.687500 -806.126953 -384 ) (379.687500 -806.126953 -200 ) 
4 29 (-282.911407 1054.427612 -200 ) (-92.667961 1088 -200 ) (-92.667953 1088 -384 ) (-282.914551 1054.426514 -384 ) 
5 29 (0 1088 -200 ) (-92.666748 1088 -200 ) (-282.912598 1054.427246 -200 ) (-366.505615 1024 -200 ) (0 1024 -200 ) 
5 29 (0 1024 -384 ) (-366.505615 1024 -384 ) (-282.912598 1054.427246 -384 ) (-92.666748 1088 -384 ) (0 1088 -384 ) 
4 29 (-92.666763 1088 -200 ) (0 1088 -200 ) (0 1088 -384 ) (-92.666748 1088 -384 ) 
4 29 (-366.507080 1024 -200 ) (-282.917969 1054.425781 -200 ) (-282.917969 1054.425781 -384 ) (-366.500000 1024 -384 ) 
4 30 (-537.409973 718.409912 -384 ) (-514.645020 737.524536 -384 ) (-514.628235 737.534241 -256 ) (-537.407532 718.407593 -256 ) 
4 30 (-550.107788 707.741882 -200 ) (-635.794739 635.794800 -200 ) (-635.795776 635.795837 -256 ) (-550.115356 707.737427 -256 ) 
4 30 (-514.628235 737.534241 -256 ) (-514.620850 737.538452 -200 ) (-550.107788 707.741882 -200 ) (-550.115356 707.737427 -256 ) 
4 30 (-624.502808 895.513184 -200 ) (-462.547272 989.041687 -200 ) (-462.547272 989.041687 -384 ) (-624.502869 895.513184 -384 ) 
4 30 (-462.527222 989.050049 -200 ) (-366.508820 1024 -200 ) (-366.515625 1024 -384 ) (-462.515808 989.056641 -384 ) 
6 30 (-624.515381 895.502686 -200 ) (-771.860291 771.860291 -200 ) (-635.793945 635.794006 -200 ) (-173.451416 1024 -200 ) (-366.505554 1024 -200 ) (-462.532471 989.046997 -200 ) 
6 30 (-462.532471 989.046997 -384 ) (-366.505554 1024 -384 ) (-173.451416 1024 -384 ) (-635.793945 635.794006 -384 ) (-771.860291 771.860291 -384 ) (-624.515381 895.502686 -384 ) 
4 30 (-771.860352 771.860352 -200 ) (-771.860352 771.860352 -384 ) (-635.791504 635.791504 -384 ) (-635.791504 635.791504 -200 ) 
4 30 (-624.511719 895.503906 -200 ) (-624.511719 895.503906 -384 ) (-771.859497 771.859497 -384 ) (-771.859497 771.859497 -200 ) 
4 31 (-514.621094 737.539063 -256 ) (-514.621094 737.539063 -384 ) (-380.708710 814.849304 -384 ) (-380.708649 814.849365 -256 ) 
4 31 (-514.621094 737.539063 -200 ) (-514.621094 737.539063 -256 ) (-380.708649 814.849365 -256 ) (-380.708618 814.849365 -200 ) 
3 31 (-514.615112 737.541809 -384 ) (-173.451416 1024 -384 ) (-18.428589 1024 -384 ) 
3 31 (-18.428589 1024 -200 ) (-173.451416 1024 -200 ) (-514.615112 737.541809 -200 ) 
4 32 (-337.184875 830.666443 -384 ) (-277.627625 852.310730 -384 ) (-277.630157 852.310242 -256 ) (-337.184052 830.666931 -256 ) 
4 32 (-277.627625 852.310730 -384 ) (-233.795486 868.240234 -384 ) (-233.798691 868.239685 -256 ) (-277.630157 852.310242 -256 ) 
4 32 (-380.707031 814.849609 -256 ) (-380.707031 814.849609 -384 ) (-337.184875 830.666443 -384 ) (-337.184052 830.666931 -256 ) 
4 32 (-337.184082 830.666931 -256 ) (-277.630127 852.310303 -256 ) (-277.631104 852.310120 -200 ) (-337.183655 830.667175 -200 ) 
4 32 (-380.707031 814.849609 -200 ) (-380.707031 814.849609 -256 ) (-337.184082 830.666931 -256 ) (-337.183655 830.667175 -200 ) 
4 32 (-277.630127 852.310303 -256 ) (-233.798691 868.239685 -256 ) (-233.800095 868.239441 -200 ) (-277.631104 852.310120 -200 ) 
4 32 (0 953.206604 -200 ) (0 1024 -200 ) (-18.428589 1024 -200 ) (-380.705444 814.850464 -200 ) 
4 32 (-380.705444 814.850464 -384 ) (-18.428589 1024 -384 ) (0 1024 -384 ) (0 953.206604 -384 ) 
4 33 (-233.781235 868.242188 -256 ) (-233.781219 868.242188 -384 ) (-122.073593 888 -384 ) (-122.074173 888 -256 ) 
4 33 (-233.781235 868.242188 -200 ) (-233.781235 868.242188 -256 ) (-122.074173 888 -256 ) (-122.074425 888 -200 ) 
4 33 (-122.073593 888 -384 ) (-76.842819 896 -384 ) (-76.843987 896 -200 ) (-122.074425 888 -200 ) 
3 33 (-233.797195 868.239929 -384 ) (0 953.206604 -384 ) (0 909.591797 -384 ) 
3 33 (0 909.591797 -200 ) (0 953.206604 -200 ) (-233.797195 868.239929 -200 ) 
4 34 (-44.488785 520 -384 ) (0 520 -384 ) (0 520 -200 ) (-44.488789 520 -200 ) 
3 34 (0 520 -200 ) (0 678.291504 -200 ) (-188.622772 520 -200 ) 
3 34 (-188.622772 520 -384 ) (0 678.291504 -384 ) (0 520 -384 ) 
3 35 (-427.676422 298.637054 -384 ) (-404.402893 338.918152 -384 ) (-368.797791 368.797821 -384 ) 
3 35 (-368.797791 368.797821 -200 ) (-404.402893 338.918152 -200 ) (-427.676422 298.637054 -200 ) 
4 35 (-427.676971 298.633972 -200 ) (-427.676971 298.633972 -384 ) (-368.792633 368.802155 -384 ) (-368.792633 368.802155 -200 ) 
4 36 (-298.643158 427.671326 -200 ) (-298.643158 427.671326 -384 ) (-217.186630 474.735229 -384 ) (-217.186630 474.735229 -200 ) 
3 36 (-217.190903 474.734161 -200 ) (-261.997498 458.424194 -200 ) (-298.637268 427.676270 -200 ) 
3 36 (-298.637268 427.676270 -384 ) (-261.997498 458.424194 -384 ) (-217.190903 474.734161 -384 ) 
4 37 (-427.672699 298.641449 -200 ) (-474.734833 217.187790 -200 ) (-474.734833 217.187790 -384 ) (-427.672699 298.641449 -384 ) 
3 37 (-474.734161 217.190979 -384 ) (-441.869598 307.476257 -384 ) (-404.402893 338.918152 -384 ) 
3 37 (-404.402893 338.918152 -200 ) (-441.869598 307.476257 -200 ) (-474.734161 217.190979 -200 ) 
4 38 (-217.187866 474.735931 -200 ) (-217.187881 474.735931 -384 ) (-137.993027 503.563721 -384 ) (-137.993011 503.563721 -200 ) 
3 38 (-137.988541 503.564484 -200 ) (-226.813171 487.950775 -200 ) (-261.997498 458.424194 -200 ) 
3 38 (-261.997498 458.424194 -384 ) (-226.813171 487.950775 -384 ) (-137.988541 503.564484 -384 ) 
4 39 (-474.734283 217.190750 -200 ) (-503.565430 137.986572 -200 ) (-503.565430 137.986572 -384 ) (-474.734283 217.190750 -384 ) 
3 39 (-503.564484 137.988556 -384 ) (-479.292114 276.071442 -384 ) (-441.869598 307.476257 -384 ) 
3 39 (-441.869598 307.476257 -200 ) (-479.292114 276.071442 -200 ) (-503.564484 137.988556 -200 ) 
4 40 (-137.986023 503.565430 -200 ) (-137.986008 503.565430 -384 ) (-44.492020 520 -384 ) (-44.492020 520 -200 ) 
3 40 (-44.488785 520 -200 ) (-188.622772 520 -200 ) (-226.813171 487.950775 -200 ) 
3 40 (-226.813171 487.950775 -384 ) (-188.622772 520 -384 ) (-44.488785 520 -384 ) 
4 41 (-503.564972 137.987289 -200 ) (-520 44.490536 -200 ) (-520 44.490532 -384 ) (-503.564972 137.987274 -384 ) 
3 41 (-520 44.488815 -384 ) (-520 241.909546 -384 ) (-479.292114 276.071442 -384 ) 
3 41 (-479.292114 276.071442 -200 ) (-520 241.909546 -200 ) (-520 44.488815 -200 ) 
4 42 (-520 44.488792 -200 ) (-520 0 -200 ) (-520 0 -384 ) (-520 44.488800 -384 ) 
3 42 (-520 0 -384 ) (-808.263428 0 -384 ) (-520 241.909546 -384 ) 
3 42 (-520 241.909546 -200 ) (-808.263428 0 -200 ) (-520 0 -200 ) 
4 43 (-76.844971 896 -200 ) (-76.844971 896 -384 ) (0 896 -384 ) (0 896 -200 ) 
3 43 (-76.845963 896 -384 ) (0 909.591797 -384 ) (0 896 -384 ) 
3 43 (0 896 -200 ) (0 909.591797 -200 ) (-76.845963 896 -200 ) 
4 44 (-860.924744 228.912903 -384 ) (-888 75.832916 -384 ) (-888 75.832909 -200 ) (-860.924744 228.912903 -200 ) 
4 44 (-630.249207 630.249207 -200 ) (-630.249207 630.249207 -384 ) (-730.194763 511.216156 -384 ) (-730.194763 511.216156 -200 ) 
8 44 (-808.263428 0 -384 ) (-888 0 -384 ) (-888 75.845917 -384 ) (-860.929016 228.901016 -384 ) (-806.132263 379.681580 -384 ) (-730.188843 511.226440 -384 ) (-630.250366 630.250366 -384 ) (-368.797791 368.797821 -384 ) 
8 44 (-368.797791 368.797821 -200 ) (-630.250366 630.250366 -200 ) (-730.188843 511.226440 -200 ) (-806.132263 379.681580 -200 ) (-860.929016 228.901016 -200 ) (-888 75.845917 -200 ) (-888 0 -200 ) (-808.263428 0 -200 ) 
4 44 (-888 75.845917 -384 ) (-888 0 -384 ) (-888 0 -200 ) (-888 75.845917 -200 ) 
4 44 (-730.199219 511.214844 -200 ) (-730.199219 511.214844 -384 ) (-806.126465 379.697693 -384 ) (-806.126465 379.697693 -200 ) 
4 44 (-806.126404 379.691833 -200 ) (-806.126404 379.691833 -384 ) (-860.933594 228.882782 -384 ) (-860.933594 228.882797 -200 ) 
4 45 (-228.884735 860.931885 -200 ) (-228.884735 860.931885 -256 ) (-379.687500 806.126953 -256 ) (-379.687500 806.126953 -200 ) 
4 45 (-75.835938 888 -200 ) (-75.835938 888 -256 ) (-228.910294 860.925659 -256 ) (-228.910309 860.925659 -200 ) 
4 45 (-75.845985 888 -200 ) (0 888 -200 ) (0 888 -256 ) (-75.845993 888 -256 ) 
4 45 (-298.638916 427.675385 -256 ) (-298.640259 427.674591 -200 ) (-368.795135 368.801025 -200 ) (-368.796234 368.799713 -256 ) 
8 45 (-630.250366 630.250366 -200 ) (-368.797791 368.797821 -200 ) (0 678.291504 -200 ) (0 888 -200 ) (-75.846024 888 -200 ) (-228.901199 860.929016 -200 ) (-379.681274 806.132446 -200 ) (-511.226898 730.188599 -200 ) 
4 45 (-379.684509 806.131226 -256 ) (-511.224274 730.190735 -256 ) (-511.224274 730.190735 -200 ) (-379.684509 806.131226 -200 ) 
4 45 (-511.214508 730.198425 -200 ) (-511.214508 730.198425 -256 ) (-630.250122 630.250122 -256 ) (-630.250122 630.250122 -200 ) 
4 46 (-535.294128 716.294128 -256 ) (-531.862183 712.862183 -256 ) (-531.862183 712.862183 -384 ) (-535.294128 716.294128 -384 ) 
4 46 (-537.405701 718.405701 -384 ) (-537.405701 718.405701 -256 ) (-535.294128 716.294128 -256 ) (-535.294128 716.294128 -384 ) 
4 46 (-635.793945 635.793945 -384 ) (-537.405701 718.405701 -384 ) (-270.385254 451.385254 -384 ) (-368.797791 368.797821 -384 ) 
4 46 (-298.638916 427.675385 -256 ) (-368.796234 368.799713 -256 ) (-368.798737 368.796722 -384 ) (-298.635803 427.677155 -384 ) 
4 46 (-630.250366 630.250366 -256 ) (-635.793945 635.793945 -256 ) (-635.793945 635.793945 -384 ) (-630.250366 630.250366 -384 ) 
3 46 (-535.294128 716.294128 -256 ) (-537.405701 718.405701 -256 ) (-550.102295 707.745056 -256 ) 
5 46 (-531.862183 712.862183 -256 ) (-535.294128 716.294128 -256 ) (-550.102295 707.745056 -256 ) (-635.796143 635.792236 -256 ) (-630.252441 630.248657 -256 ) 
4 47 (-511.206207 730.200928 -256 ) (-511.206207 730.200928 -384 ) (-531.859558 712.859497 -384 ) (-531.859558 712.859497 -256 ) 
4 47 (-511.210022 730.202698 -256 ) (-379.701721 806.125000 -256 ) (-379.701721 806.125000 -384 ) (-511.210022 730.202698 -384 ) 
8 47 (-228.901199 860.929016 -384 ) (-75.846024 888 -384 ) (0 888 -384 ) (0 678.291504 -384 ) (-270.385254 451.385254 -384 ) (-531.862183 712.862183 -384 ) (-511.226715 730.188721 -384 ) (-379.681641 806.132263 -384 ) 
4 47 (-75.845985 888 -256 ) (0 888 -256 ) (0 888 -384 ) (-75.845993 888 -384 ) 
4 47 (-228.912338 860.924927 -256 ) (-75.833786 888 -256 ) (-75.833778 888 -384 ) (-228.912354 860.924927 -384 ) 
4 47 (-228.883835 860.931458 -256 ) (-228.883835 860.931458 -384 ) (-379.696869 806.123474 -384 ) (-379.696869 806.123474 -256 ) 
3 48 (-368.797760 -368.797852 -384 ) (-404.402771 -338.918274 -384 ) (-427.676300 -298.637177 -384 ) 
3 48 (-427.676300 -298.637177 -200 ) (-404.402771 -338.918274 -200 ) (-368.797760 -368.797852 -200 ) 
4 48 (-368.808594 -368.785156 -200 ) (-368.808594 -368.785156 -384 ) (-427.678589 -298.637939 -384 ) (-427.678589 -298.637939 -200 ) 
4 49 (-368.802124 -368.792633 -200 ) (-298.633972 -427.676971 -200 ) (-298.633972 -427.676971 -384 ) (-368.802124 -368.792633 -384 ) 
3 49 (-404.402771 -338.918274 -200 ) (-380.422485 -380.422607 -200 ) (-298.637115 -427.676361 -200 ) 
3 49 (-298.637115 -427.676361 -384 ) (-380.422485 -380.422607 -384 ) (-404.402771 -338.918274 -384 ) 
4 50 (-427.671387 -298.643066 -200 ) (-427.671387 -298.643066 -384 ) (-474.735229 -217.186630 -384 ) (-474.735229 -217.186630 -200 ) 
3 50 (-380.422485 -380.422607 -384 ) (-424.609863 -354.892151 -384 ) (-474.734314 -217.190628 -384 ) 
3 50 (-474.734314 -217.190628 -200 ) (-424.609863 -354.892151 -200 ) (-380.422485 -380.422607 -200 ) 
4 51 (-298.641418 -427.672729 -200 ) (-217.187790 -474.734833 -200 ) (-217.187790 -474.734833 -384 ) (-298.641418 -427.672729 -384 ) 
3 51 (-424.609863 -354.892151 -200 ) (-406.004578 -406.004456 -200 ) (-217.191010 -474.734131 -200 ) 
3 51 (-217.191010 -474.734131 -384 ) (-406.004578 -406.004456 -384 ) (-424.609863 -354.892151 -384 ) 
4 52 (-474.735901 -217.187927 -200 ) (-474.735901 -217.187927 -384 ) (-503.563721 -137.993027 -384 ) (-503.563721 -137.993011 -200 ) 
3 52 (-406.004578 -406.004456 -384 ) (-459.900940 -386.385742 -384 ) (-503.564514 -137.988556 -384 ) 
3 52 (-503.564514 -137.988556 -200 ) (-459.900940 -386.385742 -200 ) (-406.004578 -406.004456 -200 ) 
4 53 (-217.190674 -474.734314 -200 ) (-137.986572 -503.565430 -200 ) (-137.986572 -503.565430 -384 ) (-217.190674 -474.734314 -384 ) 
3 53 (-459.900940 -386.385742 -200 ) (-448.910309 -448.910278 -200 ) (-137.988480 -503.564514 -200 ) 
3 53 (-137.988480 -503.564514 -384 ) (-448.910309 -448.910278 -384 ) (-459.900940 -386.385742 -384 ) 
4 54 (-503.565460 -137.985840 -200 ) (-503.565460 -137.985840 -384 ) (-520 -44.492020 -384 ) (-520 -44.492020 -200 ) 
3 54 (-448.910309 -448.910278 -384 ) (-520 -436.414032 -384 ) (-520 -44.488831 -384 ) 
3 54 (-520 -44.488831 -200 ) (-520 -436.414032 -200 ) (-448.910309 -448.910278 -200 ) 
4 55 (-137.987289 -503.564972 -200 ) (-44.490536 -520 -200 ) (-44.490532 -520 -384 ) (-137.987274 -503.564972 -384 ) 
3 55 (-520 -436.414032 -200 ) (-520 -520 -200 ) (-44.488804 -520 -200 ) 
3 55 (-44.488804 -520 -384 ) (-520 -520 -384 ) (-520 -436.414032 -384 ) 
4 56 (-806.131287 -379.684387 -384 ) (-730.192261 -511.221680 -384 ) (-730.192261 -511.221680 -200 ) (-806.131287 -379.684387 -200 ) 
4 56 (-730.198669 -511.209473 -384 ) (-722.817688 -520 -384 ) (-722.817688 -520 -200 ) (-730.198669 -511.209473 -200 ) 
8 56 (-888 -75.845932 -200 ) (-860.929077 -228.900879 -200 ) (-806.132141 -379.681885 -200 ) (-730.188782 -511.226532 -200 ) (-722.822144 -520 -200 ) (-520 -520 -200 ) (-520 0 -200 ) (-888 0 -200 ) 
8 56 (-888 0 -384 ) (-520 0 -384 ) (-520 -520 -384 ) (-722.822144 -520 -384 ) (-730.188782 -511.226532 -384 ) (-806.132141 -379.681885 -384 ) (-860.929077 -228.900879 -384 ) (-888 -75.845932 -384 ) 
4 56 (-520 0 -200 ) (-520 -44.488831 -200 ) (-520 -44.488811 -384 ) (-520 0 -384 ) 
4 56 (-888 0 -384 ) (-888 -75.845924 -384 ) (-888 -75.845932 -200 ) (-888 0 -200 ) 
4 56 (-888 -75.844009 -200 ) (-888 -75.844009 -384 ) (-860.928467 -228.902588 -384 ) (-860.928406 -228.902786 -200 ) 
4 56 (-860.931885 -228.884735 -200 ) (-860.931885 -228.884720 -384 ) (-806.126953 -379.687500 -384 ) (-806.126953 -379.687500 -200 ) 
4 57 (-379.696869 -806.123474 -384 ) (-228.883804 -860.931519 -384 ) (-228.883820 -860.931519 -200 ) (-379.696869 -806.123474 -200 ) 
4 57 (-228.904633 -860.927734 -384 ) (-75.842621 -888 -384 ) (-75.842621 -888 -200 ) (-228.904633 -860.927734 -200 ) 
4 57 (-75.845978 -888 -384 ) (0 -888 -384 ) (0 -888 -200 ) (-75.845978 -888 -200 ) 
4 57 (-44.488804 -520 -200 ) (0 -520 -200 ) (0 -520 -384 ) (-44.488800 -520 -384 ) 
8 57 (-630.250183 -630.250610 -200 ) (-511.226532 -730.188843 -200 ) (-379.681396 -806.132385 -200 ) (-228.901093 -860.929016 -200 ) (-75.845978 -888 -200 ) (0 -888 -200 ) (0 -520 -200 ) (-722.822144 -520 -200 ) 
8 57 (0 -520 -384 ) (0 -888 -384 ) (-75.845978 -888 -384 ) (-228.901093 -860.929016 -384 ) (-379.681396 -806.132385 -384 ) (-511.226532 -730.188843 -384 ) (-630.250183 -630.250610 -384 ) (-722.822144 -520 -384 ) 
4 57 (-722.819885 -520 -200 ) (-722.819885 -520 -384 ) (-630.242126 -630.257324 -384 ) (-630.242126 -630.257324 -200 ) 
4 57 (-630.260620 -630.234619 -200 ) (-630.260620 -630.234619 -384 ) (-511.203033 -730.202332 -384 ) (-511.203033 -730.202332 -200 ) 
4 57 (-511.216339 -730.195435 -200 ) (-511.216339 -730.195435 -384 ) (-379.679688 -806.134766 -384 ) (-379.679688 -806.134766 -200 ) 
